********************************************************************************
DUPLICATOR-LITE PACKAGE-LOG: 4 October, 2023 3:56 pm
NOTICE: Do NOT post to public sites or forums 
********************************************************************************
VERSION:	1.5.6
WORDPRESS:	6.3.1
PHP INFO:	8.0.28 | SAPI: apache2handler
SERVER:		Apache/2.4.56 (Win64) OpenSSL/1.1.1t PHP/8.0.28 
PHP TIME LIMIT: (0) no time limit imposed 
PHP MAX MEMORY: 4294967296 (512M default) 
MEMORY STACK: 80MB

********************************************************************************
DATABASE:
********************************************************************************
BUILD MODE:   MYSQLDUMP
MYSQLTIMEOUT: 5000
MYSQLDUMP:    Is Supported
SQL CREATED: 20231003_adj_955516502846dafe3732_20231004155402_database.sql
SQL FILE SIZE: 1.73MB (1818176)
SQL FILE TIME: 2023-10-04 15:56:39
SQL RUNTIME: 4.73 sec.

********************************************************************************
ARCHIVE (ZIP):
********************************************************************************
ARCHIVE DIR:  C:/xampp/htdocs/adj-cr
ARCHIVE FILE: 20231003_adj_955516502846dafe3732_20231004155402_archive.zip
FILTERS: *OFF*
DIRS:
	not set
FILES:
	not set
EXTS:  not set
----------------------------------------
COMPRESSING
SIZE:	293.47MB
STATS:	Dirs 4,050 | Files 23,315
SQL ADDED: 20231003_adj_955516502846dafe3732_20231004155402_database.sql
ZipArchive Object
(
    [lastId] => 27364
    [status] => 0
    [statusSys] => 0
    [numFiles] => 27365
    [filename] => C:\xampp\htdocs\adj-cr\wp-content\backups-dup-lite\tmp\20231003_adj_955516502846dafe3732_20231004155402_archive.zip
    [comment] => 
)

FILE ADDED TO ZIP: 27364
COMPRESSION RESULT: '1'
COMPRESSED SIZE: 111MB
ARCHIVE RUNTIME: 237.54 sec.
MEMORY STACK: 88MB
building installer
ARCHIVE CONSISTENCY TEST: PASS

********************************************************************************
INTEGRITY CHECKS:
********************************************************************************
SQL FILE: 1.73MB
INSTALLER FILE: 73.47KB
ARCHIVE FILE: 113.24MB 
EXPECTED FILE/DIRECTORY COUNT: 27,365
ACTUAL FILE/DIRECTORY COUNT: 27,364
ARCHIVE CONSISTENCY TEST: Pass

********************************************************************************
RECORD ID:[2]
TOTAL PROCESS RUNTIME: 245.06 sec.
PEAK PHP MEMORY USED: 94MB
DONE PROCESSING => 20231003_adj 4 October, 2023 4:00 pm

